<?xml version="1.0" encoding="UTF-8"?>
<testng-results ignored="0" total="1" passed="1" failed="0" skipped="0">
  <reporter-output>
  </reporter-output>
  <suite started-at="2020-12-20T20:53:08 GMT+04:00" name="org.example.CalcTest" finished-at="2020-12-20T20:53:08 GMT+04:00" duration-ms="26">
    <groups>
    </groups>
    <test started-at="2020-12-20T20:53:08 GMT+04:00" name="Command line test" finished-at="2020-12-20T20:53:08 GMT+04:00" duration-ms="26">
      <class name="org.example.CalcTest">
        <test-method signature="testSum()[pri:0, instance:org.example.CalcTest@1d8d30f7]" started-at="2020-12-20T20:53:08 GMT+04:00" name="testSum" finished-at="2020-12-20T20:53:08 GMT+04:00" duration-ms="3" status="PASS">
          <reporter-output>
          </reporter-output>
        </test-method> <!-- testSum -->
      </class> <!-- org.example.CalcTest -->
    </test> <!-- Command line test -->
  </suite> <!-- org.example.CalcTest -->
</testng-results>
